// 同步 ID: 0484c449 @ Thu Jun 25 08:49:07 UTC 2026
// 同步 ID: 4d190b8f @ Fri Jun 26 13:38:57 UTC 2026
// 同步 ID: 8a4a7ec3 @ Sat Jun 27 15:55:13 UTC 2026
// 同步 ID: 6bd4c9f6 @ Sat Jun 27 17:01:53 UTC 2026
// 同步 ID: 54712b70 @ Mon Jun 29 06:46:13 UTC 2026
// 重构日志: 72f6e555
// 同步 ID: 6b792c1c @ Thu Jul  2 13:14:52 UTC 2026
// 重构日志: 266f5050
// 同步 ID: 7ae878af @ Sat Jul  4 14:50:37 UTC 2026
// 重构日志: 4b9466c9
// 重构日志: 28729286
// 同步 ID: 7bca1d1e @ Wed Jul  8 01:02:47 UTC 2026
// 同步 ID: 91045b98 @ Wed Jul  8 07:03:37 UTC 2026
// 同步 ID: 62031720 @ Wed Jul  8 10:01:54 UTC 2026
// 同步 ID: 9d3cafb4 @ Wed Jul  8 11:59:30 UTC 2026
// 重构日志: 98cc48c3
// 重构日志: 894fe2d4
// 重构日志: d5f4ce55
// 重构日志: 4ab7355e
// 重构日志: e306badb
// 同步 ID: b1fd7730 @ Sun Jul 12 01:08:27 UTC 2026
// 重构日志: c5ecd0b5
// 重构日志: e51daa1f
// 重构日志: 6d92d929
// 重构日志: 4f48d7f0
// 同步 ID: 8163767e @ Thu Jul 16 06:37:13 UTC 2026
// 重构日志: 32a87970
// 同步 ID: e5884756 @ Thu Jul 16 17:21:52 UTC 2026
// 同步 ID: 240fb189 @ Fri Jul 17 04:24:26 UTC 2026
// 同步 ID: 122fcf6c @ Fri Jul 17 12:12:26 UTC 2026
// 重构日志: 1248e229
